生成启动时间为 2022/8/8 16:44:29。
     1>项目“C:\Users\97541\Desktop\3_12_杨森_\IMServer\IMServer\IMServer.vcxproj”在节点 2 上(Build 个目标)。
     1>ClCompile:
         C:\Program Files (x86)\Microsoft Visual Studio 11.0\VC\bin\CL.exe /c /ZI /nologo /W3 /WX- /Od /Oy- /D WIN32 /D _DEBUG /D _CONSOLE /D _UNICODE /D UNICODE /Gm /EHsc /RTC1 /MDd /GS /fp:precise /Zc:wchar_t /Zc:forScope /Fo"Debug\\" /Fd"Debug\vc110.pdb" /Gd /TP /analyze- /errorReport:prompt Kernel.cpp main.cpp mediator\TcpClientMediator.cpp mediator\TcpServerMediator.cpp mediator\UdpMediator.cpp net\TcpClientNet.cpp net\TcpServerNet.cpp net\UdpNet.cpp
         UdpNet.cpp
     1>c:\users\97541\desktop\3_12_杨森_\imserver\imserver\net\udpnet.cpp(3): fatal error C1083: 无法打开包括文件:“UdpMediator.h”: No such file or directory
         TcpServerNet.cpp
     1>c:\users\97541\desktop\3_12_杨森_\imserver\imserver\net\tcpservernet.cpp(2): fatal error C1083: 无法打开包括文件:“TcpServerMediator.h”: No such file or directory
         TcpClientNet.cpp
     1>c:\users\97541\desktop\3_12_杨森_\imserver\imserver\net\tcpclientnet.cpp(2): fatal error C1083: 无法打开包括文件:“TcpClientMediator.h”: No such file or directory
         UdpMediator.cpp
     1>c:\users\97541\desktop\3_12_杨森_\imserver\imserver\mediator\udpmediator.cpp(1): fatal error C1083: 无法打开包括文件:“UdpNet.h”: No such file or directory
         TcpServerMediator.cpp
     1>c:\users\97541\desktop\3_12_杨森_\imserver\imserver\mediator\tcpservermediator.cpp(1): fatal error C1083: 无法打开包括文件:“TcpServerNet.h”: No such file or directory
         TcpClientMediator.cpp
     1>c:\users\97541\desktop\3_12_杨森_\imserver\imserver\mediator\tcpclientmediator.cpp(1): fatal error C1083: 无法打开包括文件:“TcpClientNet.h”: No such file or directory
         main.cpp
     1>c:\users\97541\desktop\3_12_杨森_\imserver\imserver\kernel.h(3): fatal error C1083: 无法打开包括文件:“INetMediator.h”: No such file or directory
         Kernel.cpp
     1>c:\users\97541\desktop\3_12_杨森_\imserver\imserver\kernel.h(3): fatal error C1083: 无法打开包括文件:“INetMediator.h”: No such file or directory
         正在生成代码...
     1>已完成生成项目“C:\Users\97541\Desktop\3_12_杨森_\IMServer\IMServer\IMServer.vcxproj”(Build 个目标)的操作 - 失败。

生成失败。

已用时间 00:00:04.57
