D:\IMSERVER\IMSERVER\X64\DEBUG\KERNEL.OBJ
D:\IMSERVER\IMSERVER\X64\DEBUG\MAIN.OBJ
D:\IMSERVER\IMSERVER\X64\DEBUG\TCPCLIENTMEDIATOR.OBJ
D:\IMSERVER\IMSERVER\X64\DEBUG\TCPSERVERMEDIATOR.OBJ
D:\IMSERVER\IMSERVER\X64\DEBUG\UDPMEDIATOR.OBJ
D:\IMSERVER\IMSERVER\X64\DEBUG\CMYSQL.OBJ
D:\IMSERVER\IMSERVER\X64\DEBUG\TCPCLIENTNET.OBJ
D:\IMSERVER\IMSERVER\X64\DEBUG\TCPSERVERNET.OBJ
D:\IMSERVER\IMSERVER\X64\DEBUG\UDPNET.OBJ
D:\IMSERVER\IMSERVER\X64\DEBUG\VC110.PDB
D:\3_12_杨森_\IMSERVER\IMSERVER\X64\DEBUG\KERNEL.OBJ
D:\3_12_杨森_\IMSERVER\IMSERVER\X64\DEBUG\MAIN.OBJ
D:\3_12_杨森_\IMSERVER\IMSERVER\X64\DEBUG\TCPCLIENTMEDIATOR.OBJ
D:\3_12_杨森_\IMSERVER\IMSERVER\X64\DEBUG\TCPSERVERMEDIATOR.OBJ
D:\3_12_杨森_\IMSERVER\IMSERVER\X64\DEBUG\UDPMEDIATOR.OBJ
D:\3_12_杨森_\IMSERVER\IMSERVER\X64\DEBUG\CMYSQL.OBJ
D:\3_12_杨森_\IMSERVER\IMSERVER\X64\DEBUG\TCPCLIENTNET.OBJ
D:\3_12_杨森_\IMSERVER\IMSERVER\X64\DEBUG\TCPSERVERNET.OBJ
D:\3_12_杨森_\IMSERVER\IMSERVER\X64\DEBUG\UDPNET.OBJ
D:\3_12_杨森_\IMSERVER\IMSERVER\X64\DEBUG\VC110.PDB
D:\IMSERVER\X64\DEBUG\IMSERVER.ILK
D:\IMSERVER\X64\DEBUG\IMSERVER.EXE
D:\IMSERVER\X64\DEBUG\IMSERVER.PDB
D:\3_12_杨森_\IMSERVER\X64\DEBUG\IMSERVER.ILK
D:\3_12_杨森_\IMSERVER\X64\DEBUG\IMSERVER.EXE
D:\3_12_杨森_\IMSERVER\X64\DEBUG\IMSERVER.PDB
D:\3_12_杨森_\IMServer\IMServer\x64\Debug\CMySql.obj
D:\3_12_杨森_\IMServer\IMServer\x64\Debug\Kernel.obj
D:\3_12_杨森_\IMServer\IMServer\x64\Debug\main.obj
D:\3_12_杨森_\IMServer\IMServer\x64\Debug\TcpClientMediator.obj
D:\3_12_杨森_\IMServer\IMServer\x64\Debug\TcpClientNet.obj
D:\3_12_杨森_\IMServer\IMServer\x64\Debug\TcpServerMediator.obj
D:\3_12_杨森_\IMServer\IMServer\x64\Debug\TcpServerNet.obj
D:\3_12_杨森_\IMServer\IMServer\x64\Debug\UdpMediator.obj
D:\3_12_杨森_\IMServer\IMServer\x64\Debug\UdpNet.obj
D:\3_12_杨森_\IMServer\IMServer\x64\Debug\cl.command.1.tlog
D:\3_12_杨森_\IMServer\IMServer\x64\Debug\CL.read.1.tlog
D:\3_12_杨森_\IMServer\IMServer\x64\Debug\CL.write.1.tlog
D:\3_12_杨森_\IMServer\IMServer\x64\Debug\link-cvtres.read.1.tlog
D:\3_12_杨森_\IMServer\IMServer\x64\Debug\link-cvtres.write.1.tlog
D:\3_12_杨森_\IMServer\IMServer\x64\Debug\link-rc.read.1.tlog
D:\3_12_杨森_\IMServer\IMServer\x64\Debug\link-rc.write.1.tlog
D:\3_12_杨森_\IMServer\IMServer\x64\Debug\link.command.1.tlog
D:\3_12_杨森_\IMServer\IMServer\x64\Debug\link.read.1.tlog
D:\3_12_杨森_\IMServer\IMServer\x64\Debug\link.write.1.tlog
D:\3_12_杨森_\IMServer\IMServer\x64\Debug\vc110.idb
D:\3_12_杨森_\IMServer\IMServer\x64\Debug\vc110.pdb
D:\3_12_杨森_\IMServer\x64\Debug\IMServer.pdb
D:\3_12_杨森_\IMServer\x64\Debug\IMServer.exe
D:\3_12_杨森_\IMServer\x64\Debug\IMServer.ilk
